\BOOKMARK [1][-]{section.1}{\376\377\000Q\000u\000e\000s\000t\000i\000o\000n\000\040\0001}{}% 1
\BOOKMARK [1][-]{section.2}{\376\377\000Q\000u\000e\000s\000t\000i\000o\000n\000\040\0002}{}% 2
\BOOKMARK [1][-]{section.3}{\376\377\000Q\000u\000e\000s\000t\000i\000o\000n\000\040\0003}{}% 3
\BOOKMARK [1][-]{section.4}{\376\377\000Q\000u\000e\000s\000t\000i\000o\000n\000\040\0004}{}% 4
\BOOKMARK [2][-]{subsection.4.1}{\376\377\000a}{section.4}% 5
\BOOKMARK [2][-]{subsection.4.2}{\376\377\000b}{section.4}% 6
\BOOKMARK [2][-]{subsection.4.3}{\376\377\000c}{section.4}% 7
\BOOKMARK [2][-]{subsection.4.4}{\376\377\000d}{section.4}% 8
\BOOKMARK [2][-]{subsection.4.5}{\376\377\000e}{section.4}% 9
\BOOKMARK [2][-]{subsection.4.6}{\376\377\000f}{section.4}% 10
\BOOKMARK [2][-]{subsection.4.7}{\376\377\000g}{section.4}% 11
\BOOKMARK [2][-]{subsection.4.8}{\376\377\000h}{section.4}% 12
\BOOKMARK [1][-]{section.5}{\376\377\000Q\000u\000e\000s\000t\000i\000o\000n\000\040\0005}{}% 13
\BOOKMARK [2][-]{subsection.5.1}{\376\377\000a\000\051\000\040\000\173\000w\000\040\000w\000\040\000\040\000d\000o\000e\000s\000\040\000n\000o\000t\000\040\000c\000o\000n\000t\000a\000i\000n\000\040\000t\000h\000e\000\040\000s\000u\000b\000s\000t\000r\000i\000n\000g\000\040\000\040\000b\000a\000\175}{section.5}% 14
\BOOKMARK [2][-]{subsection.5.2}{\376\377\000b\000\051\000\040\000\173\000w\000\040\000w\000\040\000\040\000c\000o\000n\000t\000a\000i\000n\000s\000\040\000n\000e\000i\000t\000h\000e\000r\000\040\000t\000h\000e\000\040\000s\000u\000b\000s\000t\000r\000i\000n\000g\000s\000\040\000\040\000a\000b\000\040\000\040\000n\000o\000r\000\040\000\040\000b\000a\000\175}{section.5}% 15
\BOOKMARK [2][-]{subsection.5.3}{\376\377\000c\000\051\000\040\000\173\000w\000\040\000w\000\040\000\040\000i\000s\000\040\000a\000n\000y\000\040\000s\000t\000r\000i\000n\000g\000\040\000n\000o\000t\000\040\000i\000n\000\040\000\040\000b\000*\000a\000*\000\175}{section.5}% 16
\BOOKMARK [1][-]{section.6}{\376\377\000Q\000u\000e\000s\000t\000i\000o\000n\000\040\0006}{}% 17
\BOOKMARK [2][-]{subsection.6.1}{\376\377\000a\000\051\000\040\000\173\000w\000\040\000w\000\040\000\040\000h\000a\000s\000\040\000a\000t\000\040\000l\000e\000a\000s\000t\000\040\000t\000w\000o\000\040\000a\000'\000s\000\040\000a\000n\000d\000\040\000a\000t\000\040\000l\000e\000a\000s\000t\000\040\000t\000h\000r\000e\000e\000\040\000b\000'\000s\000\175}{section.6}% 18
\BOOKMARK [2][-]{subsection.6.2}{\376\377\000b\000\051\000\040\000\173\000w\000\040\000w\000\040\000\040\000h\000a\000s\000\040\000a\000n\000\040\000e\000v\000e\000n\000\040\000n\000u\000m\000b\000e\000r\000\040\000o\000f\000\040\000a\000'\000s\000\040\000a\000n\000d\000\040\000o\000n\000e\000\040\000o\000r\000\040\000t\000w\000o\000\040\000b\000'\000s\000\175}{section.6}% 19
\BOOKMARK [2][-]{subsection.6.3}{\376\377\000c\000\051\000\040\000\173\000w\000\040\000w\000\040\000\040\000s\000t\000a\000r\000t\000s\000\040\000w\000i\000t\000h\000\040\000a\000n\000\040\000a\000\040\000a\000n\000d\000\040\000h\000a\000s\000\040\000a\000t\000\040\000m\000o\000s\000t\000\040\000t\000w\000o\000\040\000b\000'\000s\000\175}{section.6}% 20
