\BOOKMARK [1][-]{section.1}{\376\377\000Q\000u\000e\000s\000t\000i\000o\000n\000\040\0001}{}% 1
\BOOKMARK [1][-]{section.2}{\376\377\000Q\000u\000e\000s\000t\000i\000o\000n\000\040\0002}{}% 2
\BOOKMARK [1][-]{section.3}{\376\377\000Q\000u\000e\000s\000t\000i\000o\000n\000\040\0003}{}% 3
\BOOKMARK [2][-]{subsection.3.1}{\376\377\000a\000\051}{section.3}% 4
\BOOKMARK [2][-]{subsection.3.2}{\376\377\000b\000\051}{section.3}% 5
\BOOKMARK [2][-]{subsection.3.3}{\376\377\000c\000\051}{section.3}% 6
\BOOKMARK [2][-]{subsection.3.4}{\376\377\000d\000\051}{section.3}% 7
\BOOKMARK [2][-]{subsection.3.5}{\376\377\000e\000\051}{section.3}% 8
\BOOKMARK [2][-]{subsection.3.6}{\376\377\000f\000\051}{section.3}% 9
\BOOKMARK [1][-]{section.4}{\376\377\000Q\000u\000e\000s\000t\000i\000o\000n\000\040\0004}{}% 10
\BOOKMARK [2][-]{subsection.4.1}{\376\377\000a\000\051\000\040\000A\000t\000\040\000l\000e\000a\000s\000t\000\040\000t\000h\000r\000e\000e\000\040\0001\000s}{section.4}% 11
\BOOKMARK [2][-]{subsection.4.2}{\376\377\000b\000\051\000\040\000S\000t\000a\000r\000t\000s\000\040\000a\000n\000d\000\040\000e\000n\000d\000s\000\040\000w\000i\000t\000h\000\040\000t\000h\000e\000\040\000s\000a\000m\000e\000\040\000s\000y\000m\000b\000o\000l}{section.4}% 12
\BOOKMARK [2][-]{subsection.4.3}{\376\377\000c\000\051\000\040\000O\000d\000d\000\040\000l\000e\000n\000g\000t\000h}{section.4}% 13
\BOOKMARK [2][-]{subsection.4.4}{\376\377\000d\000\051\000\040\000O\000d\000d\000\040\000l\000e\000n\000g\000t\000h\000\040\000w\000i\000t\000h\000\040\000m\000i\000d\000d\000l\000e\000\040\000s\000y\000m\000b\000o\000l\000\040\0000}{section.4}% 14
\BOOKMARK [2][-]{subsection.4.5}{\376\377\000e\000\051\000\040\000P\000a\000l\000i\000n\000d\000r\000o\000m\000e}{section.4}% 15
\BOOKMARK [2][-]{subsection.4.6}{\376\377\000f\000\051\000\040\000E\000m\000p\000t\000y\000\040\000s\000e\000t}{section.4}% 16
\BOOKMARK [1][-]{section.5}{\376\377\000Q\000u\000e\000s\000t\000i\000o\000n\000\040\0005}{}% 17
\BOOKMARK [2][-]{subsection.5.1}{\376\377\000a\000\051}{section.5}% 18
\BOOKMARK [2][-]{subsection.5.2}{\376\377\000b\000\051}{section.5}% 19
\BOOKMARK [1][-]{section.6}{\376\377\000Q\000u\000e\000s\000t\000i\000o\000n\000\040\0006}{}% 20
